SF:lib/core/clients/http/http_client.dart
DA:22,6
DA:24,6
DA:32,9
DA:37,12
DA:38,0
DA:40,12
DA:41,30
DA:42,12
DA:47,24
DA:48,6
DA:49,6
DA:55,9
DA:56,3
DA:58,9
DA:61,12
DA:62,16
DA:63,12
DA:64,18
DA:66,6
DA:69,12
DA:70,12
DA:73,12
DA:74,6
DA:76,6
DA:79,12
DA:80,3
DA:81,0
DA:82,0
DA:84,3
DA:85,0
DA:86,0
DA:88,3
DA:89,3
DA:90,6
DA:95,6
DA:100,6
DA:102,6
DA:104,0
DA:109,6
DA:111,12
DA:112,2
DA:113,5
DA:115,2
DA:116,6
DA:118,2
DA:119,2
DA:120,3
DA:121,3
DA:123,0
DA:126,0
DA:131,3
DA:132,6
DA:134,0
DA:135,3
DA:137,3
DA:138,3
DA:139,3
DA:140,3
DA:146,3
DA:148,15
DA:152,1
DA:156,0
DA:158,0
DA:161,0
DA:163,0
DA:164,0
DA:165,0
DA:169,1
DA:172,1
DA:173,3
DA:174,1
DA:181,2
DA:182,2
DA:183,0
DA:185,2
LF:75
LH:59
end_of_record
SF:lib/core/models/fx_empty_model.dart
DA:4,12
DA:6,0
DA:12,0
DA:14,0
DA:18,0
DA:20,0
LF:6
LH:1
end_of_record
SF:lib/fx_network_config.dart
DA:12,12
LF:1
LH:1
end_of_record
SF:lib/fx_network.dart
DA:11,12
LF:1
LH:1
end_of_record
SF:lib/interfaces/fx_interface_response_model.dart
DA:9,12
LF:1
LH:1
end_of_record
SF:lib/core/models/fx_error_model.dart
DA:5,12
LF:1
LH:1
end_of_record
SF:lib/core/models/fx_response_model.dart
DA:6,24
LF:1
LH:1
end_of_record
SF:lib/interfaces/fx_interface_error_model.dart
DA:7,12
LF:1
LH:1
end_of_record
SF:lib/core/clients/dio/dio_client.dart
DA:22,6
DA:24,3
DA:26,6
DA:37,14
DA:38,4
DA:40,25
DA:41,4
DA:42,4
DA:43,10
DA:46,6
DA:47,6
DA:48,12
DA:49,6
DA:53,12
DA:56,12
DA:57,4
DA:58,14
DA:61,6
DA:63,6
DA:67,6
DA:69,12
DA:70,18
DA:72,0
DA:73,0
DA:74,0
DA:77,6
DA:78,12
DA:79,6
DA:83,6
DA:85,6
DA:87,6
DA:89,0
DA:94,6
DA:96,12
DA:97,2
DA:100,6
DA:102,2
DA:103,6
DA:105,2
DA:106,2
DA:109,4
DA:110,4
DA:113,0
DA:118,0
DA:123,6
DA:124,6
DA:125,0
DA:126,6
DA:129,0
DA:135,6
DA:136,6
DA:138,22
DA:140,6
DA:141,12
DA:143,6
DA:144,6
DA:145,6
DA:146,6
DA:148,12
DA:152,6
DA:154,30
DA:158,2
DA:162,0
DA:164,0
DA:167,0
DA:169,0
DA:170,0
DA:171,0
DA:175,2
DA:178,2
DA:179,6
DA:180,2
LF:72
LH:58
end_of_record
