SF:lib/core/clients/http/http_client.dart
DA:20,7
DA:22,7
DA:31,11
DA:35,28
DA:36,7
DA:37,6
DA:43,11
DA:44,4
DA:46,3
DA:53,7
DA:54,0
DA:56,3
DA:61,14
DA:62,17
DA:63,14
DA:64,28
DA:67,7
DA:70,14
DA:71,14
DA:74,14
DA:75,12
DA:77,7
DA:80,14
DA:81,0
DA:82,0
DA:83,0
DA:85,0
DA:86,0
DA:87,0
DA:89,0
DA:90,0
DA:91,0
DA:96,6
DA:97,12
DA:99,0
DA:100,6
DA:102,6
DA:103,6
DA:104,6
DA:105,6
LF:40
LH:29
end_of_record
SF:lib/core/models/fx_empty_model.dart
DA:4,14
DA:6,2
DA:10,0
DA:12,0
DA:16,2
DA:18,2
LF:6
LH:4
end_of_record
SF:lib/fx_network.dart
DA:17,14
DA:30,12
DA:35,60
DA:39,4
DA:43,0
DA:45,0
DA:48,0
DA:50,0
DA:51,0
DA:52,0
DA:56,4
DA:59,4
DA:60,12
DA:61,4
DA:68,14
DA:73,14
DA:75,14
DA:77,4
DA:82,14
DA:87,28
DA:88,6
DA:89,14
DA:91,4
DA:92,12
DA:94,4
DA:95,4
DA:96,10
DA:97,10
DA:99,2
DA:103,4
DA:108,14
DA:110,30
DA:111,4
DA:113,26
DA:114,61
DA:115,26
LF:36
LH:30
end_of_record
SF:lib/fx_network_config.dart
DA:12,14
LF:1
LH:1
end_of_record
SF:lib/interfaces/fx_interface_response_model.dart
DA:9,14
LF:1
LH:1
end_of_record
SF:lib/core/models/fx_error_model.dart
DA:5,14
LF:1
LH:1
end_of_record
SF:lib/core/models/fx_response_model.dart
DA:7,14
DA:8,14
LF:2
LH:2
end_of_record
SF:lib/interfaces/fx_interface_error_model.dart
DA:7,14
LF:1
LH:1
end_of_record
SF:lib/core/clients/dio/dio_client.dart
DA:22,7
DA:24,3
DA:26,7
DA:36,7
DA:37,7
DA:38,14
DA:39,7
DA:40,7
DA:43,14
DA:46,14
DA:47,4
DA:48,14
DA:54,7
DA:55,0
DA:56,3
DA:57,0
DA:63,7
DA:67,7
DA:70,14
DA:71,21
DA:76,0
DA:77,0
DA:78,0
DA:81,6
DA:84,12
DA:85,6
DA:89,6
DA:90,6
DA:92,22
DA:94,6
DA:95,12
DA:97,6
DA:98,6
DA:99,6
DA:100,6
DA:102,12
LF:36
LH:31
end_of_record
